-------------------------------------------------------------------------------
Test set: com.example.demo.DemoApplicationTests
-------------------------------------------------------------------------------
Tests run: 1, Failures: 0, Errors: 1, Skipped: 0, Time elapsed: 4.395 s <<< FAILURE! - in com.example.demo.DemoApplicationTests
contextLoads  Time elapsed: 0.001 s  <<< ERROR!
java.lang.IllegalStateException: Failed to load ApplicationContext
Caused by: org.springframework.beans.factory.BeanCreationException: Error creating bean with name 'calculadora' defined in class path resource [com/example/demo/CalculadoraConfig.class]: Bean instantiation via factory method failed; nested exception is org.springframework.beans.BeanInstantiationException: Failed to instantiate [org.springframework.ws.wsdl.wsdl11.DefaultWsdl11Definition]: Factory method 'defaultWsdl11Definition' threw exception; nested exception is java.lang.NoClassDefFoundError: javax/wsdl/extensions/ExtensibilityElement
Caused by: org.springframework.beans.BeanInstantiationException: Failed to instantiate [org.springframework.ws.wsdl.wsdl11.DefaultWsdl11Definition]: Factory method 'defaultWsdl11Definition' threw exception; nested exception is java.lang.NoClassDefFoundError: javax/wsdl/extensions/ExtensibilityElement
Caused by: java.lang.NoClassDefFoundError: javax/wsdl/extensions/ExtensibilityElement
Caused by: java.lang.ClassNotFoundException: javax.wsdl.extensions.ExtensibilityElement

